#
# A fatal error has been detected by the Java Runtime Environment:
#
#  EXCEPTION_ACCESS_VIOLATION (0xc0000005) at pc=0x00007ffe9073e2d5, pid=7664, tid=620
#
# JRE version: OpenJDK Runtime Environment (16.0.2+7) (build 16.0.2+7-67)
# Java VM: OpenJDK 64-Bit Server VM (16.0.2+7-67, mixed mode, tiered, compressed oops, compressed class ptrs, g1 gc, windows-amd64)
# Problematic frame:
# V  [jvm.dll+0x61e2d5]
#
# No core dump will be written. Minidumps are not enabled by default on client versions of Windows
#
# If you would like to submit a bug report, please visit:
#   https://bugreport.java.com/bugreport/crash.jsp
#

---------------  S U M M A R Y ------------

Command Line: -XX:+ShowCodeDetailsInExceptionMessages -agentlib:jdwp=transport=dt_socket,suspend=y,address=localhost:49224 -javaagent:C:\eclipse\configuration\org.eclipse.osgi\415\0\.cp\lib\javaagent-shaded.jar -Dfile.encoding=UTF-8 MainClass

Host: Intel(R) Core(TM) i5-2500 CPU @ 3.30GHz, 4 cores, 7G,  Windows 10 , 64 bit Build 18362 (10.0.18362.329)
Time: Mon Apr 18 11:44:48 2022 대한민국 표준시 elapsed time: 3344.396322 seconds (0d 0h 55m 44s)

---------------  T H R E A D  ---------------

Current thread (0x0000027e5103b110):  VMThread "VM Thread" [stack: 0x000000a049000000,0x000000a049100000] [id=620]

Stack: [0x000000a049000000,0x000000a049100000],  sp=0x000000a0490ff380,  free space=1020k
Native frames: (J=compiled Java code, j=interpreted, Vv=VM code, C=native code)
V  [jvm.dll+0x61e2d5]
V  [jvm.dll+0x520b64]
V  [jvm.dll+0x52032d]
V  [jvm.dll+0x7d00ab]
V  [jvm.dll+0x7d0da4]
V  [jvm.dll+0x7d12a9]
V  [jvm.dll+0x7d1564]
V  [jvm.dll+0x7d1630]
V  [jvm.dll+0x7795aa]
V  [jvm.dll+0x667066]
C  [ucrtbase.dll+0x20e72]
C  [KERNEL32.DLL+0x17bd4]
C  [ntdll.dll+0x6ced1]


siginfo: EXCEPTION_ACCESS_VIOLATION (0xc0000005), writing address 0x0000027e52ca952e


Register to memory mapping:

RIP=0x00007ffe9073e2d5 jvm.dll
RAX=
[error occurred during error reporting (printing register info), id 0xc0000005, EXCEPTION_ACCESS_VIOLATION (0xc0000005) at pc=0x00007ffe9073b2e3]

Registers:
RAX=0x0000027e52ca9520, RBX=0x0000027e523dd990, RCX=0x0000027e52c392f0, RDX=0x0000027e5103b110
RSP=0x000000a0490ff380, RBP=0x00000001000c5da0, RSI=0x0000027e5103b110, RDI=0x0000027e52c392f0
R8 =0x00000000000000d8, R9 =0x0000000000000040, R10=0x00000000000000c0, R11=0x000000a0490ff250
R12=0x000000a0490ff4b0, R13=0x0000027e50ee4de0, R14=0x0000027e50fecf70, R15=0x00000001000c5fa0
RIP=0x00007ffe9073e2d5, EFLAGS=0x0000000000010202

Top of Stack: (sp=0x000000a0490ff380)
0x000000a0490ff380:   0000027e523dd990 0000027e5103b110
0x000000a0490ff390:   0000000000000020 00007ffe9077ac90
0x000000a0490ff3a0:   0000027e52c44ec0 0000027e5103b110
0x000000a0490ff3b0:   0000027e5103b110 0000027e50feb200
0x000000a0490ff3c0:   0000027e37b1d350 0000027e37b1d360
0x000000a0490ff3d0:   0000027e37b1d438 00000000000000d8
0x000000a0490ff3e0:   000000a0490ff6d0 00007ffed3a3fc11
0x000000a0490ff3f0:   0000027e50fed358 00007ffe90640b64
0x000000a0490ff400:   0000027e52c44ec0 0000027e50fecf80
0x000000a0490ff410:   0000027e50feb480 0000027e52c392f0
0x000000a0490ff420:   00000000000003d8 0000027e50ee7680
0x000000a0490ff430:   0000027e37aa2680 0000027e51e77f30
0x000000a0490ff440:   0000027e52431480 0000027e50fed358
0x000000a0490ff450:   000000a049cff780 0000027e50fecf80
0x000000a0490ff460:   00000000000003d8 00007ffe90c30980
0x000000a0490ff470:   00007ffe909c3010 0000027e51e77f30 

Instructions: (pc=0x00007ffe9073e2d5)
0x00007ffe9073e1d5:   d3 ff ff 48 8d 4c 24 20 e8 de 3a d2 ff 48 8b 5c
0x00007ffe9073e1e5:   24 48 48 83 c4 30 5f c3 cc cc cc 48 89 5c 24 10
0x00007ffe9073e1f5:   48 89 6c 24 18 48 89 74 24 20 57 48 83 ec 70 48
0x00007ffe9073e205:   8b 41 08 48 8b f9 48 63 f2 4c 8b 40 08 49 8b 68
0x00007ffe9073e215:   18 45 33 c0 41 8d 50 01 8d 4a 17 e8 5b a4 a8 ff
0x00007ffe9073e225:   48 8b d8 48 85 c0 74 44 89 70 04 48 8b 47 08 0f
0x00007ffe9073e235:   b7 48 2a 66 89 4b 08 48 8b 47 08 0f b7 48 2c 66
0x00007ffe9073e245:   89 4b 0a 48 8b 47 08 0f b6 54 06 38 89 13 81 fa
0x00007ffe9073e255:   ca 00 00 00 75 0c 8b d6 48 8b cf e8 5b e5 ff ff
0x00007ffe9073e265:   89 03 48 c7 43 10 00 00 00 00 eb 02 33 db 48 8b
0x00007ffe9073e275:   85 70 01 00 00 8b 0d 48 76 4f 00 48 89 43 10 65
0x00007ffe9073e285:   48 8b 04 25 58 00 00 00 48 89 9d 70 01 00 00 48
0x00007ffe9073e295:   8b 34 c8 b8 40 00 00 00 80 3c 30 00 75 05 e8 a4
0x00007ffe9073e2a5:   5d 20 00 48 63 4b 04 b8 10 00 00 00 48 8b 34 30
0x00007ffe9073e2b5:   48 8b 47 08 48 8b d6 c6 44 01 38 ca 48 8b cf e8
0x00007ffe9073e2c5:   17 43 ba ff 48 83 7e 08 00 75 09 48 85 c0 74 04
0x00007ffe9073e2d5:   66 ff 40 0e 48 8b d6 48 8d 4c 24 30 e8 ca 3a d2
0x00007ffe9073e2e5:   ff 48 89 7c 24 20 48 8d 94 24 80 00 00 00 48 89
0x00007ffe9073e2f5:   74 24 28 48 8b 8e 88 02 00 00 48 89 bc 24 80 00
0x00007ffe9073e305:   00 00 e8 f4 c3 9e ff 48 8d 4c 24 20 e8 2a 43 be
0x00007ffe9073e315:   ff 48 8d 4c 24 20 e8 a0 39 d2 ff 48 8d 4c 24 30
0x00007ffe9073e325:   e8 26 39 d2 ff 4c 8d 5c 24 70 49 8b 5b 18 49 8b
0x00007ffe9073e335:   6b 20 49 8b 73 28 49 8b e3 5f c3 48 89 5c 24 08
0x00007ffe9073e345:   48 89 74 24 10 57 48 83 ec 20 4c 8b 01 48 8b fa
0x00007ffe9073e355:   48 8b d9 49 8b 40 08 48 3b 05 ed 85 4a 00 73 12
0x00007ffe9073e365:   48 3b 05 dc 85 4a 00 72 09 48 8b 40 18 48 8b 08
0x00007ffe9073e375:   eb 04 48 8b 48 18 48 85 c9 75 27 4c 8d 0d b9 d3
0x00007ffe9073e385:   30 00 ba 28 05 00 00 4c 8d 05 d5 d3 30 00 48 8d
0x00007ffe9073e395:   0d 8e d1 30 00 e8 a1 47 c2 ff e8 9c 99 04 00 4c
0x00007ffe9073e3a5:   8b 03 49 89 78 40 48 8b cf 48 8b 07 ff 90 c8 00
0x00007ffe9073e3b5:   00 00 48 8b 0b 8b f0 48 8b 49 18 48 85 c9 74 07
0x00007ffe9073e3c5:   e8 76 18 00 00 eb 02 33 c0 3b f0 7e 13 48 8b 03 


Stack slot to memory mapping:
stack at sp + 0 slots: 0x0000027e523dd990 points into unknown readable memory: 0x000000ea000000c3 | c3 00 00 00 ea 00 00 00
stack at sp + 1 slots: 0x0000027e5103b110 points into unknown readable memory: 0x00007ffe90a8f648 | 48 f6 a8 90 fe 7f 00 00
stack at sp + 2 slots: 0x0000000000000020 is an unknown value
stack at sp + 3 slots: 0x00007ffe9077ac90 jvm.dll
stack at sp + 4 slots: {method} {0x0000027e52c44ec8} 'main' '([Ljava/lang/String;)V' in 'MainClass'
stack at sp + 5 slots: 0x0000027e5103b110 points into unknown readable memory: 0x00007ffe90a8f648 | 48 f6 a8 90 fe 7f 00 00
stack at sp + 6 slots: 0x0000027e5103b110 points into unknown readable memory: 0x00007ffe90a8f648 | 48 f6 a8 90 fe 7f 00 00
stack at sp + 7 slots: 0x0000027e50feb200 points into unknown readable memory: 0x6a4c3b7200000002 | 02 00 00 00 72 3b 4c 6a

VM_Operation (0x000000a049cff780): ChangeBreakpoints, mode: safepoint, requested by thread 0x0000027e51e833e0


---------------  P R O C E S S  ---------------

Threads class SMR info:
_java_thread_list=0x0000027e52354a50, length=15, elements={
0x0000027e37a4c0b0, 0x0000027e51050660, 0x0000027e510519d0, 0x0000027e5107eda0,
0x0000027e5107f6b0, 0x0000027e51088ac0, 0x0000027e51089b70, 0x0000027e5108e1d0,
0x0000027e51c2a780, 0x0000027e51c3d860, 0x0000027e51d60b80, 0x0000027e51e833e0,
0x0000027e51e9e9a0, 0x0000027e51ea3200, 0x0000027e5238c130
}

Java Threads: ( => current thread )
  0x0000027e37a4c0b0 JavaThread "main" [_thread_blocked, id=2924, stack(0x000000a048a00000,0x000000a048b00000)]
  0x0000027e51050660 JavaThread "Reference Handler" daemon [_thread_blocked, id=7040, stack(0x000000a049100000,0x000000a049200000)]
  0x0000027e510519d0 JavaThread "Finalizer" daemon [_thread_blocked, id=80, stack(0x000000a049200000,0x000000a049300000)]
  0x0000027e5107eda0 JavaThread "Signal Dispatcher" daemon [_thread_blocked, id=9048, stack(0x000000a049300000,0x000000a049400000)]
  0x0000027e5107f6b0 JavaThread "Attach Listener" daemon [_thread_blocked, id=10044, stack(0x000000a049400000,0x000000a049500000)]
  0x0000027e51088ac0 JavaThread "Service Thread" daemon [_thread_blocked, id=4172, stack(0x000000a049500000,0x000000a049600000)]
  0x0000027e51089b70 JavaThread "Monitor Deflation Thread" daemon [_thread_blocked, id=5348, stack(0x000000a049600000,0x000000a049700000)]
  0x0000027e5108e1d0 JavaThread "C2 CompilerThread0" daemon [_thread_blocked, id=1748, stack(0x000000a049700000,0x000000a049800000)]
  0x0000027e51c2a780 JavaThread "C1 CompilerThread0" daemon [_thread_blocked, id=6256, stack(0x000000a049800000,0x000000a049900000)]
  0x0000027e51c3d860 JavaThread "Sweeper thread" daemon [_thread_blocked, id=4088, stack(0x000000a049900000,0x000000a049a00000)]
  0x0000027e51d60b80 JavaThread "Common-Cleaner" daemon [_thread_blocked, id=5248, stack(0x000000a049a00000,0x000000a049b00000)]
  0x0000027e51e833e0 JavaThread "JDWP Transport Listener: dt_socket" daemon [_thread_blocked, id=5820, stack(0x000000a049c00000,0x000000a049d00000)]
  0x0000027e51e9e9a0 JavaThread "JDWP Event Helper Thread" daemon [_thread_blocked, id=4108, stack(0x000000a049d00000,0x000000a049e00000)]
  0x0000027e51ea3200 JavaThread "JDWP Command Reader" daemon [_thread_in_native, id=7632, stack(0x000000a049e00000,0x000000a049f00000)]
  0x0000027e5238c130 JavaThread "Notification Thread" daemon [_thread_blocked, id=9544, stack(0x000000a049f00000,0x000000a04a000000)]

Other Threads:
=>0x0000027e5103b110 VMThread "VM Thread" [stack: 0x000000a049000000,0x000000a049100000] [id=620]
  0x0000027e37a4cec0 WatcherThread [stack: 0x000000a04a000000,0x000000a04a100000] [id=7600]
  0x0000027e37a89a60 GCTaskThread "GC Thread#0" [stack: 0x000000a048b00000,0x000000a048c00000] [id=4484]
  0x0000027e37a9b1c0 ConcurrentGCThread "G1 Main Marker" [stack: 0x000000a048c00000,0x000000a048d00000] [id=4508]
  0x0000027e37a9d460 ConcurrentGCThread "G1 Conc#0" [stack: 0x000000a048d00000,0x000000a048e00000] [id=6648]
  0x0000027e37b17470 ConcurrentGCThread "G1 Refine#0" [stack: 0x000000a048e00000,0x000000a048f00000] [id=6940]
  0x0000027e37b1c5c0 ConcurrentGCThread "G1 Service" [stack: 0x000000a048f00000,0x000000a049000000] [id=7716]

Threads with active compile tasks:

VM state: at safepoint (normal execution)

VM Mutex/Monitor currently owned by a thread:  ([mutex/lock_event])
[0x0000027e37a47190] Threads_lock - owner thread: 0x0000027e5103b110

Heap address: 0x0000000080c00000, size: 2036 MB, Compressed Oops mode: 32-bit

CDS disabled.
Compressed class space mapped at: 0x0000000100000000-0x0000000140000000, reserved size: 1073741824
Narrow klass base: 0x0000000000000000, Narrow klass shift: 3, Narrow klass range: 0x140000000

GC Precious Log:
 CPUs: 4 total, 4 available
 Memory: 8143M
 Large Page Support: Disabled
 NUMA Support: Disabled
 Compressed Oops: Enabled (32-bit)
 Heap Region Size: 1M
 Heap Min Capacity: 8M
 Heap Initial Capacity: 128M
 Heap Max Capacity: 2036M
 Pre-touch: Disabled
 Parallel Workers: 4
 Concurrent Workers: 1
 Concurrent Refinement Workers: 4
 Periodic GC: Disabled

Heap:
 garbage-first heap   total 131072K, used 6144K [0x0000000080c00000, 0x0000000100000000)
  region size 1024K, 7 young (7168K), 0 survivors (0K)
 Metaspace       used 10137K, committed 10304K, reserved 1064960K
  class space    used 869K, committed 960K, reserved 1048576K

Heap Regions: E=young(eden), S=young(survivor), O=old, HS=humongous(starts), HC=humongous(continues), CS=collection set, F=free, OA=open archive, CA=closed archive, TAMS=top-at-mark-start (previous, next)
|   0|0x0000000080c00000, 0x0000000080c00000, 0x0000000080d00000|  0%| F|  |TAMS 0x0000000080c00000, 0x0000000080c00000| Untracked 
|   1|0x0000000080d00000, 0x0000000080d00000, 0x0000000080e00000|  0%| F|  |TAMS 0x0000000080d00000, 0x0000000080d00000| Untracked 
|   2|0x0000000080e00000, 0x0000000080e00000, 0x0000000080f00000|  0%| F|  |TAMS 0x0000000080e00000, 0x0000000080e00000| Untracked 
|   3|0x0000000080f00000, 0x0000000080f00000, 0x0000000081000000|  0%| F|  |TAMS 0x0000000080f00000, 0x0000000080f00000| Untracked 
|   4|0x0000000081000000, 0x0000000081000000, 0x0000000081100000|  0%| F|  |TAMS 0x0000000081000000, 0x0000000081000000| Untracked 
|   5|0x0000000081100000, 0x0000000081100000, 0x0000000081200000|  0%| F|  |TAMS 0x0000000081100000, 0x0000000081100000| Untracked 
|   6|0x0000000081200000, 0x0000000081200000, 0x0000000081300000|  0%| F|  |TAMS 0x0000000081200000, 0x0000000081200000| Untracked 
|   7|0x0000000081300000, 0x0000000081300000, 0x0000000081400000|  0%| F|  |TAMS 0x0000000081300000, 0x0000000081300000| Untracked 
|   8|0x0000000081400000, 0x0000000081400000, 0x0000000081500000|  0%| F|  |TAMS 0x0000000081400000, 0x0000000081400000| Untracked 
|   9|0x0000000081500000, 0x0000000081500000, 0x0000000081600000|  0%| F|  |TAMS 0x0000000081500000, 0x0000000081500000| Untracked 
|  10|0x0000000081600000, 0x0000000081600000, 0x0000000081700000|  0%| F|  |TAMS 0x0000000081600000, 0x0000000081600000| Untracked 
|  11|0x0000000081700000, 0x0000000081700000, 0x0000000081800000|  0%| F|  |TAMS 0x0000000081700000, 0x0000000081700000| Untracked 
|  12|0x0000000081800000, 0x0000000081800000, 0x0000000081900000|  0%| F|  |TAMS 0x0000000081800000, 0x0000000081800000| Untracked 
|  13|0x0000000081900000, 0x0000000081900000, 0x0000000081a00000|  0%| F|  |TAMS 0x0000000081900000, 0x0000000081900000| Untracked 
|  14|0x0000000081a00000, 0x0000000081a00000, 0x0000000081b00000|  0%| F|  |TAMS 0x0000000081a00000, 0x0000000081a00000| Untracked 
|  15|0x0000000081b00000, 0x0000000081b00000, 0x0000000081c00000|  0%| F|  |TAMS 0x0000000081b00000, 0x0000000081b00000| Untracked 
|  16|0x0000000081c00000, 0x0000000081c00000, 0x0000000081d00000|  0%| F|  |TAMS 0x0000000081c00000, 0x0000000081c00000| Untracked 
|  17|0x0000000081d00000, 0x0000000081d00000, 0x0000000081e00000|  0%| F|  |TAMS 0x0000000081d00000, 0x0000000081d00000| Untracked 
|  18|0x0000000081e00000, 0x0000000081e00000, 0x0000000081f00000|  0%| F|  |TAMS 0x0000000081e00000, 0x0000000081e00000| Untracked 
|  19|0x0000000081f00000, 0x0000000081f00000, 0x0000000082000000|  0%| F|  |TAMS 0x0000000081f00000, 0x0000000081f00000| Untracked 
|  20|0x0000000082000000, 0x0000000082000000, 0x0000000082100000|  0%| F|  |TAMS 0x0000000082000000, 0x0000000082000000| Untracked 
|  21|0x0000000082100000, 0x0000000082100000, 0x0000000082200000|  0%| F|  |TAMS 0x0000000082100000, 0x0000000082100000| Untracked 
|  22|0x0000000082200000, 0x0000000082200000, 0x0000000082300000|  0%| F|  |TAMS 0x0000000082200000, 0x0000000082200000| Untracked 
|  23|0x0000000082300000, 0x0000000082300000, 0x0000000082400000|  0%| F|  |TAMS 0x0000000082300000, 0x0000000082300000| Untracked 
|  24|0x0000000082400000, 0x0000000082400000, 0x0000000082500000|  0%| F|  |TAMS 0x0000000082400000, 0x0000000082400000| Untracked 
|  25|0x0000000082500000, 0x0000000082500000, 0x0000000082600000|  0%| F|  |TAMS 0x0000000082500000, 0x0000000082500000| Untracked 
|  26|0x0000000082600000, 0x0000000082600000, 0x0000000082700000|  0%| F|  |TAMS 0x0000000082600000, 0x0000000082600000| Untracked 
|  27|0x0000000082700000, 0x0000000082700000, 0x0000000082800000|  0%| F|  |TAMS 0x0000000082700000, 0x0000000082700000| Untracked 
|  28|0x0000000082800000, 0x0000000082800000, 0x0000000082900000|  0%| F|  |TAMS 0x0000000082800000, 0x0000000082800000| Untracked 
|  29|0x0000000082900000, 0x0000000082900000, 0x0000000082a00000|  0%| F|  |TAMS 0x0000000082900000, 0x0000000082900000| Untracked 
|  30|0x0000000082a00000, 0x0000000082a00000, 0x0000000082b00000|  0%| F|  |TAMS 0x0000000082a00000, 0x0000000082a00000| Untracked 
|  31|0x0000000082b00000, 0x0000000082b00000, 0x0000000082c00000|  0%| F|  |TAMS 0x0000000082b00000, 0x0000000082b00000| Untracked 
|  32|0x0000000082c00000, 0x0000000082c00000, 0x0000000082d00000|  0%| F|  |TAMS 0x0000000082c00000, 0x0000000082c00000| Untracked 
|  33|0x0000000082d00000, 0x0000000082d00000, 0x0000000082e00000|  0%| F|  |TAMS 0x0000000082d00000, 0x0000000082d00000| Untracked 
|  34|0x0000000082e00000, 0x0000000082e00000, 0x0000000082f00000|  0%| F|  |TAMS 0x0000000082e00000, 0x0000000082e00000| Untracked 
|  35|0x0000000082f00000, 0x0000000082f00000, 0x0000000083000000|  0%| F|  |TAMS 0x0000000082f00000, 0x0000000082f00000| Untracked 
|  36|0x0000000083000000, 0x0000000083000000, 0x0000000083100000|  0%| F|  |TAMS 0x0000000083000000, 0x0000000083000000| Untracked 
|  37|0x0000000083100000, 0x0000000083100000, 0x0000000083200000|  0%| F|  |TAMS 0x0000000083100000, 0x0000000083100000| Untracked 
|  38|0x0000000083200000, 0x0000000083200000, 0x0000000083300000|  0%| F|  |TAMS 0x0000000083200000, 0x0000000083200000| Untracked 
|  39|0x0000000083300000, 0x0000000083300000, 0x0000000083400000|  0%| F|  |TAMS 0x0000000083300000, 0x0000000083300000| Untracked 
|  40|0x0000000083400000, 0x0000000083400000, 0x0000000083500000|  0%| F|  |TAMS 0x0000000083400000, 0x0000000083400000| Untracked 
|  41|0x0000000083500000, 0x0000000083500000, 0x0000000083600000|  0%| F|  |TAMS 0x0000000083500000, 0x0000000083500000| Untracked 
|  42|0x0000000083600000, 0x0000000083600000, 0x0000000083700000|  0%| F|  |TAMS 0x0000000083600000, 0x0000000083600000| Untracked 
|  43|0x0000000083700000, 0x0000000083700000, 0x0000000083800000|  0%| F|  |TAMS 0x0000000083700000, 0x0000000083700000| Untracked 
|  44|0x0000000083800000, 0x0000000083800000, 0x0000000083900000|  0%| F|  |TAMS 0x0000000083800000, 0x0000000083800000| Untracked 
|  45|0x0000000083900000, 0x0000000083900000, 0x0000000083a00000|  0%| F|  |TAMS 0x0000000083900000, 0x0000000083900000| Untracked 
|  46|0x0000000083a00000, 0x0000000083a00000, 0x0000000083b00000|  0%| F|  |TAMS 0x0000000083a00000, 0x0000000083a00000| Untracked 
|  47|0x0000000083b00000, 0x0000000083b00000, 0x0000000083c00000|  0%| F|  |TAMS 0x0000000083b00000, 0x0000000083b00000| Untracked 
|  48|0x0000000083c00000, 0x0000000083c00000, 0x0000000083d00000|  0%| F|  |TAMS 0x0000000083c00000, 0x0000000083c00000| Untracked 
|  49|0x0000000083d00000, 0x0000000083d00000, 0x0000000083e00000|  0%| F|  |TAMS 0x0000000083d00000, 0x0000000083d00000| Untracked 
|  50|0x0000000083e00000, 0x0000000083e00000, 0x0000000083f00000|  0%| F|  |TAMS 0x0000000083e00000, 0x0000000083e00000| Untracked 
|  51|0x0000000083f00000, 0x0000000083f00000, 0x0000000084000000|  0%| F|  |TAMS 0x0000000083f00000, 0x0000000083f00000| Untracked 
|  52|0x0000000084000000, 0x0000000084000000, 0x0000000084100000|  0%| F|  |TAMS 0x0000000084000000, 0x0000000084000000| Untracked 
|  53|0x0000000084100000, 0x0000000084100000, 0x0000000084200000|  0%| F|  |TAMS 0x0000000084100000, 0x0000000084100000| Untracked 
|  54|0x0000000084200000, 0x0000000084200000, 0x0000000084300000|  0%| F|  |TAMS 0x0000000084200000, 0x0000000084200000| Untracked 
|  55|0x0000000084300000, 0x0000000084300000, 0x0000000084400000|  0%| F|  |TAMS 0x0000000084300000, 0x0000000084300000| Untracked 
|  56|0x0000000084400000, 0x0000000084400000, 0x0000000084500000|  0%| F|  |TAMS 0x0000000084400000, 0x0000000084400000| Untracked 
|  57|0x0000000084500000, 0x0000000084500000, 0x0000000084600000|  0%| F|  |TAMS 0x0000000084500000, 0x0000000084500000| Untracked 
|  58|0x0000000084600000, 0x0000000084600000, 0x0000000084700000|  0%| F|  |TAMS 0x0000000084600000, 0x0000000084600000| Untracked 
|  59|0x0000000084700000, 0x0000000084700000, 0x0000000084800000|  0%| F|  |TAMS 0x0000000084700000, 0x0000000084700000| Untracked 
|  60|0x0000000084800000, 0x0000000084800000, 0x0000000084900000|  0%| F|  |TAMS 0x0000000084800000, 0x0000000084800000| Untracked 
|  61|0x0000000084900000, 0x0000000084900000, 0x0000000084a00000|  0%| F|  |TAMS 0x0000000084900000, 0x0000000084900000| Untracked 
|  62|0x0000000084a00000, 0x0000000084a00000, 0x0000000084b00000|  0%| F|  |TAMS 0x0000000084a00000, 0x0000000084a00000| Untracked 
|  63|0x0000000084b00000, 0x0000000084b00000, 0x0000000084c00000|  0%| F|  |TAMS 0x0000000084b00000, 0x0000000084b00000| Untracked 
|  64|0x0000000084c00000, 0x0000000084c00000, 0x0000000084d00000|  0%| F|  |TAMS 0x0000000084c00000, 0x0000000084c00000| Untracked 
|  65|0x0000000084d00000, 0x0000000084d00000, 0x0000000084e00000|  0%| F|  |TAMS 0x0000000084d00000, 0x0000000084d00000| Untracked 
|  66|0x0000000084e00000, 0x0000000084e00000, 0x0000000084f00000|  0%| F|  |TAMS 0x0000000084e00000, 0x0000000084e00000| Untracked 
|  67|0x0000000084f00000, 0x0000000084f00000, 0x0000000085000000|  0%| F|  |TAMS 0x0000000084f00000, 0x0000000084f00000| Untracked 
|  68|0x0000000085000000, 0x0000000085000000, 0x0000000085100000|  0%| F|  |TAMS 0x0000000085000000, 0x0000000085000000| Untracked 
|  69|0x0000000085100000, 0x0000000085100000, 0x0000000085200000|  0%| F|  |TAMS 0x0000000085100000, 0x0000000085100000| Untracked 
|  70|0x0000000085200000, 0x0000000085200000, 0x0000000085300000|  0%| F|  |TAMS 0x0000000085200000, 0x0000000085200000| Untracked 
|  71|0x0000000085300000, 0x0000000085300000, 0x0000000085400000|  0%| F|  |TAMS 0x0000000085300000, 0x0000000085300000| Untracked 
|  72|0x0000000085400000, 0x0000000085400000, 0x0000000085500000|  0%| F|  |TAMS 0x0000000085400000, 0x0000000085400000| Untracked 
|  73|0x0000000085500000, 0x0000000085500000, 0x0000000085600000|  0%| F|  |TAMS 0x0000000085500000, 0x0000000085500000| Untracked 
|  74|0x0000000085600000, 0x0000000085600000, 0x0000000085700000|  0%| F|  |TAMS 0x0000000085600000, 0x0000000085600000| Untracked 
|  75|0x0000000085700000, 0x0000000085700000, 0x0000000085800000|  0%| F|  |TAMS 0x0000000085700000, 0x0000000085700000| Untracked 
|  76|0x0000000085800000, 0x0000000085800000, 0x0000000085900000|  0%| F|  |TAMS 0x0000000085800000, 0x0000000085800000| Untracked 
|  77|0x0000000085900000, 0x0000000085900000, 0x0000000085a00000|  0%| F|  |TAMS 0x0000000085900000, 0x0000000085900000| Untracked 
|  78|0x0000000085a00000, 0x0000000085a00000, 0x0000000085b00000|  0%| F|  |TAMS 0x0000000085a00000, 0x0000000085a00000| Untracked 
|  79|0x0000000085b00000, 0x0000000085b00000, 0x0000000085c00000|  0%| F|  |TAMS 0x0000000085b00000, 0x0000000085b00000| Untracked 
|  80|0x0000000085c00000, 0x0000000085c00000, 0x0000000085d00000|  0%| F|  |TAMS 0x0000000085c00000, 0x0000000085c00000| Untracked 
|  81|0x0000000085d00000, 0x0000000085d00000, 0x0000000085e00000|  0%| F|  |TAMS 0x0000000085d00000, 0x0000000085d00000| Untracked 
|  82|0x0000000085e00000, 0x0000000085e00000, 0x0000000085f00000|  0%| F|  |TAMS 0x0000000085e00000, 0x0000000085e00000| Untracked 
|  83|0x0000000085f00000, 0x0000000085f00000, 0x0000000086000000|  0%| F|  |TAMS 0x0000000085f00000, 0x0000000085f00000| Untracked 
|  84|0x0000000086000000, 0x0000000086000000, 0x0000000086100000|  0%| F|  |TAMS 0x0000000086000000, 0x0000000086000000| Untracked 
|  85|0x0000000086100000, 0x0000000086100000, 0x0000000086200000|  0%| F|  |TAMS 0x0000000086100000, 0x0000000086100000| Untracked 
|  86|0x0000000086200000, 0x0000000086200000, 0x0000000086300000|  0%| F|  |TAMS 0x0000000086200000, 0x0000000086200000| Untracked 
|  87|0x0000000086300000, 0x0000000086300000, 0x0000000086400000|  0%| F|  |TAMS 0x0000000086300000, 0x0000000086300000| Untracked 
|  88|0x0000000086400000, 0x0000000086400000, 0x0000000086500000|  0%| F|  |TAMS 0x0000000086400000, 0x0000000086400000| Untracked 
|  89|0x0000000086500000, 0x0000000086500000, 0x0000000086600000|  0%| F|  |TAMS 0x0000000086500000, 0x0000000086500000| Untracked 
|  90|0x0000000086600000, 0x0000000086600000, 0x0000000086700000|  0%| F|  |TAMS 0x0000000086600000, 0x0000000086600000| Untracked 
|  91|0x0000000086700000, 0x0000000086700000, 0x0000000086800000|  0%| F|  |TAMS 0x0000000086700000, 0x0000000086700000| Untracked 
|  92|0x0000000086800000, 0x0000000086800000, 0x0000000086900000|  0%| F|  |TAMS 0x0000000086800000, 0x0000000086800000| Untracked 
|  93|0x0000000086900000, 0x0000000086900000, 0x0000000086a00000|  0%| F|  |TAMS 0x0000000086900000, 0x0000000086900000| Untracked 
|  94|0x0000000086a00000, 0x0000000086a00000, 0x0000000086b00000|  0%| F|  |TAMS 0x0000000086a00000, 0x0000000086a00000| Untracked 
|  95|0x0000000086b00000, 0x0000000086b00000, 0x0000000086c00000|  0%| F|  |TAMS 0x0000000086b00000, 0x0000000086b00000| Untracked 
|  96|0x0000000086c00000, 0x0000000086c00000, 0x0000000086d00000|  0%| F|  |TAMS 0x0000000086c00000, 0x0000000086c00000| Untracked 
|  97|0x0000000086d00000, 0x0000000086d00000, 0x0000000086e00000|  0%| F|  |TAMS 0x0000000086d00000, 0x0000000086d00000| Untracked 
|  98|0x0000000086e00000, 0x0000000086e00000, 0x0000000086f00000|  0%| F|  |TAMS 0x0000000086e00000, 0x0000000086e00000| Untracked 
|  99|0x0000000086f00000, 0x0000000086f00000, 0x0000000087000000|  0%| F|  |TAMS 0x0000000086f00000, 0x0000000086f00000| Untracked 
| 100|0x0000000087000000, 0x0000000087000000, 0x0000000087100000|  0%| F|  |TAMS 0x0000000087000000, 0x0000000087000000| Untracked 
| 101|0x0000000087100000, 0x0000000087100000, 0x0000000087200000|  0%| F|  |TAMS 0x0000000087100000, 0x0000000087100000| Untracked 
| 102|0x0000000087200000, 0x0000000087200000, 0x0000000087300000|  0%| F|  |TAMS 0x0000000087200000, 0x0000000087200000| Untracked 
| 103|0x0000000087300000, 0x0000000087300000, 0x0000000087400000|  0%| F|  |TAMS 0x0000000087300000, 0x0000000087300000| Untracked 
| 104|0x0000000087400000, 0x0000000087400000, 0x0000000087500000|  0%| F|  |TAMS 0x0000000087400000, 0x0000000087400000| Untracked 
| 105|0x0000000087500000, 0x0000000087500000, 0x0000000087600000|  0%| F|  |TAMS 0x0000000087500000, 0x0000000087500000| Untracked 
| 106|0x0000000087600000, 0x0000000087600000, 0x0000000087700000|  0%| F|  |TAMS 0x0000000087600000, 0x0000000087600000| Untracked 
| 107|0x0000000087700000, 0x0000000087700000, 0x0000000087800000|  0%| F|  |TAMS 0x0000000087700000, 0x0000000087700000| Untracked 
| 108|0x0000000087800000, 0x0000000087800000, 0x0000000087900000|  0%| F|  |TAMS 0x0000000087800000, 0x0000000087800000| Untracked 
| 109|0x0000000087900000, 0x0000000087900000, 0x0000000087a00000|  0%| F|  |TAMS 0x0000000087900000, 0x0000000087900000| Untracked 
| 110|0x0000000087a00000, 0x0000000087a00000, 0x0000000087b00000|  0%| F|  |TAMS 0x0000000087a00000, 0x0000000087a00000| Untracked 
| 111|0x0000000087b00000, 0x0000000087b00000, 0x0000000087c00000|  0%| F|  |TAMS 0x0000000087b00000, 0x0000000087b00000| Untracked 
| 112|0x0000000087c00000, 0x0000000087c00000, 0x0000000087d00000|  0%| F|  |TAMS 0x0000000087c00000, 0x0000000087c00000| Untracked 
| 113|0x0000000087d00000, 0x0000000087d00000, 0x0000000087e00000|  0%| F|  |TAMS 0x0000000087d00000, 0x0000000087d00000| Untracked 
| 114|0x0000000087e00000, 0x0000000087e00000, 0x0000000087f00000|  0%| F|  |TAMS 0x0000000087e00000, 0x0000000087e00000| Untracked 
| 115|0x0000000087f00000, 0x0000000087f00000, 0x0000000088000000|  0%| F|  |TAMS 0x0000000087f00000, 0x0000000087f00000| Untracked 
| 116|0x0000000088000000, 0x0000000088000000, 0x0000000088100000|  0%| F|  |TAMS 0x0000000088000000, 0x0000000088000000| Untracked 
| 117|0x0000000088100000, 0x0000000088100000, 0x0000000088200000|  0%| F|  |TAMS 0x0000000088100000, 0x0000000088100000| Untracked 
| 118|0x0000000088200000, 0x0000000088200000, 0x0000000088300000|  0%| F|  |TAMS 0x0000000088200000, 0x0000000088200000| Untracked 
| 119|0x0000000088300000, 0x0000000088300000, 0x0000000088400000|  0%| F|  |TAMS 0x0000000088300000, 0x0000000088300000| Untracked 
| 120|0x0000000088400000, 0x0000000088400000, 0x0000000088500000|  0%| F|  |TAMS 0x0000000088400000, 0x0000000088400000| Untracked 
| 121|0x0000000088500000, 0x00000000885c9178, 0x0000000088600000| 78%| E|  |TAMS 0x0000000088500000, 0x0000000088500000| Complete 
| 122|0x0000000088600000, 0x0000000088700000, 0x0000000088700000|100%| E|CS|TAMS 0x0000000088600000, 0x0000000088600000| Complete 
| 123|0x0000000088700000, 0x0000000088800000, 0x0000000088800000|100%| E|CS|TAMS 0x0000000088700000, 0x0000000088700000| Complete 
| 124|0x0000000088800000, 0x0000000088900000, 0x0000000088900000|100%| E|CS|TAMS 0x0000000088800000, 0x0000000088800000| Complete 
| 125|0x0000000088900000, 0x0000000088a00000, 0x0000000088a00000|100%| E|CS|TAMS 0x0000000088900000, 0x0000000088900000| Complete 
| 126|0x0000000088a00000, 0x0000000088b00000, 0x0000000088b00000|100%| E|CS|TAMS 0x0000000088a00000, 0x0000000088a00000| Complete 
| 127|0x0000000088b00000, 0x0000000088c00000, 0x0000000088c00000|100%| E|CS|TAMS 0x0000000088b00000, 0x0000000088b00000| Complete 

Card table byte_map: [0x0000027e4a3c0000,0x0000027e4a7c0000] _byte_map_base: 0x0000027e49fba000

Marking Bits (Prev, Next): (CMBitMap*) 0x0000027e37a8a150, (CMBitMap*) 0x0000027e37a8a190
 Prev Bits: [0x0000027e4abc0000, 0x0000027e4cb90000)
 Next Bits: [0x0000027e4cb90000, 0x0000027e4eb60000)

Polling page: 0x0000027e35910000

Metaspace:

Usage:
  Non-class:      9.05 MB used.
      Class:    869.24 KB used.
       Both:      9.90 MB used.

Virtual space:
  Non-class space:       16.00 MB reserved,       9.13 MB ( 57%) committed,  2 nodes.
      Class space:        1.00 GB reserved,     960.00 KB ( <1%) committed,  1 nodes.
              Both:        1.02 GB reserved,      10.06 MB ( <1%) committed. 

Chunk freelists:
   Non-Class:  2.70 MB
       Class:  3.09 MB
        Both:  5.80 MB

MaxMetaspaceSize: 17179869184.00 GB
CompressedClassSpaceSize: 1.00 GB
 - commit_granule_bytes: 65536.
 - commit_granule_words: 8192.
 - virtual_space_node_default_size: 1048576.
 - enlarge_chunks_in_place: 1.
 - new_chunks_are_fully_committed: 0.
 - uncommit_free_chunks: 1.
 - use_allocation_guard: 0.
 - handle_deallocations: 1.


Internal statistics:

num_allocs_failed_limit: 0.
num_arena_births: 12.
num_arena_deaths: 0.
num_vsnodes_births: 3.
num_vsnodes_deaths: 0.
num_space_committed: 161.
num_space_uncommitted: 0.
num_chunks_returned_to_freelist: 0.
num_chunks_taken_from_freelist: 57.
num_chunk_merges: 0.
num_chunk_splits: 22.
num_chunks_enlarged: 13.
num_purges: 0.

CodeHeap 'non-profiled nmethods': size=120000Kb used=140Kb max_used=140Kb free=119859Kb
 bounds [0x0000027e42a90000, 0x0000027e42d00000, 0x0000027e49fc0000]
CodeHeap 'profiled nmethods': size=120000Kb used=620Kb max_used=620Kb free=119380Kb
 bounds [0x0000027e3b560000, 0x0000027e3b7d0000, 0x0000027e42a90000]
CodeHeap 'non-nmethods': size=5760Kb used=1209Kb max_used=1226Kb free=4551Kb
 bounds [0x0000027e3afc0000, 0x0000027e3b230000, 0x0000027e3b560000]
 total_blobs=871 nmethods=453 adapters=331
 compilation: enabled
              stopped_count=0, restarted_count=0
 full_count=0

Compilation events (20 events):
Event: 1714.685 Thread 0x0000027e51c2a780  452       3       org.eclipse.jdt.launching.internal.org.objectweb.asm.SymbolTable::get (13 bytes)
Event: 1714.685 Thread 0x0000027e51c2a780 nmethod 452 0x0000027e3b5f8410 code [0x0000027e3b5f85a0, 0x0000027e3b5f86f8]
Event: 1722.852 Thread 0x0000027e5108e1d0  455       4       org.eclipse.jdt.launching.internal.org.objectweb.asm.ClassReader::readUtf (161 bytes)
Event: 1722.852 Thread 0x0000027e51c2a780  453       3       org.eclipse.jdt.launching.internal.org.objectweb.asm.SymbolTable::addConstantMemberReference (29 bytes)
Event: 1722.853 Thread 0x0000027e51c2a780 nmethod 453 0x0000027e3b5f8810 code [0x0000027e3b5f8a00, 0x0000027e3b5f8da8]
Event: 1722.853 Thread 0x0000027e51c2a780  454       3       org.eclipse.jdt.launching.internal.org.objectweb.asm.SymbolTable::hash (20 bytes)
Event: 1722.853 Thread 0x0000027e51c2a780 nmethod 454 0x0000027e3b5f9090 code [0x0000027e3b5f9260, 0x0000027e3b5f9448]
Event: 1722.867 Thread 0x0000027e5108e1d0 

Event: 2513.677 Thread 0x0000027e51c2a780  456       3       org.eclipse.jdt.launching.internal.org.objectweb.asm.ByteVector::putShort (52 bytes)
Event: 2513.680 Thread 0x0000027e51c2a780 

Event: 2931.518 Thread 0x0000027e51c2a780  457       3       org.eclipse.jdt.launching.internal.org.objectweb.asm.SymbolTable::addConstantNameAndType (28 bytes)
Event: 2931.518 Thread 0x0000027e51c2a780 nmethod 457 0x0000027e3b5f9610 code [0x0000027e3b5f9800, 0x0000027e3b5f9b38]
Event: 3085.850 Thread 0x0000027e5108e1d0  458       4       java.lang.StringUTF16::compress (50 bytes)
Event: 3085.853 Thread 0x0000027e51c2a780  459       3       org.eclipse.jdt.launching.internal.org.objectweb.asm.ClassReader::readClass (7 bytes)
Event: 3085.854 Thread 0x0000027e51c2a780 nmethod 459 0x0000027e3b5f9d90 code [0x0000027e3b5f9f60, 0x0000027e3b5fa2c8]
Event: 3085.857 Thread 0x0000027e5108e1d0 

Event: 3096.982 Thread 0x0000027e5108e1d0  460       4       org.eclipse.jdt.launching.internal.org.objectweb.asm.ClassReader::getItem (7 bytes)
Event: 3096.982 Thread 0x0000027e51c2a780  461       3       org.eclipse.jdt.launching.internal.org.objectweb.asm.SymbolTable::addConstantUtf8 (98 bytes)
Event: 3096.982 Thread 0x0000027e51c2a780 nmethod 461 0x0000027e3b5fa490 code [0x0000027e3b5fa6c0, 0x0000027e3b5facb8]
Event: 3096.982 Thread 0x0000027e5108e1d0 nmethod 460 0x0000027e42ab2f10 code [0x0000027e42ab30a0, 0x0000027e42ab3178]

GC Heap History (0 events):
No events

Deoptimization events (20 events):
Event: 0.470 Thread 0x0000027e37a4c0b0 DEOPT PACKING pc=0x0000027e3b5d2d70 sp=0x000000a048afb930
Event: 0.470 Thread 0x0000027e37a4c0b0 DEOPT UNPACKING pc=0x0000027e3b00dece sp=0x000000a048afad98 mode 0
Event: 0.470 Thread 0x0000027e37a4c0b0 DEOPT PACKING pc=0x0000027e3b5d2d70 sp=0x000000a048afb930
Event: 0.470 Thread 0x0000027e37a4c0b0 DEOPT UNPACKING pc=0x0000027e3b00dece sp=0x000000a048afad98 mode 0
Event: 0.470 Thread 0x0000027e37a4c0b0 DEOPT PACKING pc=0x0000027e3b5d2d70 sp=0x000000a048afb930
Event: 0.470 Thread 0x0000027e37a4c0b0 DEOPT UNPACKING pc=0x0000027e3b00dece sp=0x000000a048afad98 mode 0
Event: 0.479 Thread 0x0000027e37a4c0b0 DEOPT PACKING pc=0x0000027e3b5d2d70 sp=0x000000a048af7af0
Event: 0.479 Thread 0x0000027e37a4c0b0 DEOPT UNPACKING pc=0x0000027e3b00dece sp=0x000000a048af6f58 mode 0
Event: 0.479 Thread 0x0000027e37a4c0b0 DEOPT PACKING pc=0x0000027e3b5d2d70 sp=0x000000a048af7af0
Event: 0.479 Thread 0x0000027e37a4c0b0 DEOPT UNPACKING pc=0x0000027e3b00dece sp=0x000000a048af6f58 mode 0
Event: 0.479 Thread 0x0000027e37a4c0b0 DEOPT PACKING pc=0x0000027e3b5d2d70 sp=0x000000a048af7af0
Event: 0.479 Thread 0x0000027e37a4c0b0 DEOPT UNPACKING pc=0x0000027e3b00dece sp=0x000000a048af6f58 mode 0
Event: 0.508 Thread 0x0000027e37a4c0b0 Uncommon trap: trap_request=0xffffff45 fr.pc=0x0000027e42a9930c relative=0x00000000000001ec
Event: 0.508 Thread 0x0000027e37a4c0b0 Uncommon trap: reason=unstable_if action=reinterpret pc=0x0000027e42a9930c method=java.lang.String.isLatin1()Z @ 10 c2
Event: 0.508 Thread 0x0000027e37a4c0b0 DEOPT PACKING pc=0x0000027e42a9930c sp=0x000000a048afc7a0
Event: 0.508 Thread 0x0000027e37a4c0b0 DEOPT UNPACKING pc=0x0000027e3b00d72e sp=0x000000a048afc6d8 mode 2
Event: 0.514 Thread 0x0000027e37a4c0b0 Uncommon trap: trap_request=0xffffff45 fr.pc=0x0000027e42aa2be8 relative=0x0000000000000048
Event: 0.514 Thread 0x0000027e37a4c0b0 Uncommon trap: reason=unstable_if action=reinterpret pc=0x0000027e42aa2be8 method=java.lang.CharacterData.of(I)Ljava/lang/CharacterData; @ 4 c2
Event: 0.514 Thread 0x0000027e37a4c0b0 DEOPT PACKING pc=0x0000027e42aa2be8 sp=0x000000a048afe6f0
Event: 0.514 Thread 0x0000027e37a4c0b0 DEOPT UNPACKING pc=0x0000027e3b00d72e sp=0x000000a048afe690 mode 2

Classes unloaded (0 events):
No events

Classes redefined (20 events):
Event: 512.715 Thread 0x0000027e5103b110 redefined class name=MainClass, count=5
Event: 552.587 Thread 0x0000027e5103b110 redefined class name=MainClass, count=6
Event: 664.867 Thread 0x0000027e5103b110 redefined class name=MainClass, count=7
Event: 699.672 Thread 0x0000027e5103b110 redefined class name=MainClass, count=8
Event: 831.215 Thread 0x0000027e5103b110 redefined class name=MainClass, count=9
Event: 1042.381 Thread 0x0000027e5103b110 redefined class name=MainClass, count=10
Event: 1201.719 Thread 0x0000027e5103b110 redefined class name=MainClass, count=11
Event: 1226.015 Thread 0x0000027e5103b110 redefined class name=MainClass, count=12
Event: 1657.414 Thread 0x0000027e5103b110 redefined class name=MainClass, count=13
Event: 1683.770 Thread 0x0000027e5103b110 redefined class name=MainClass, count=14
Event: 1706.120 Thread 0x0000027e5103b110 redefined class name=MainClass, count=15
Event: 1714.686 Thread 0x0000027e5103b110 redefined class name=MainClass, count=16
Event: 1722.854 Thread 0x0000027e5103b110 redefined class name=MainClass, count=17
Event: 2513.678 Thread 0x0000027e5103b110 redefined class name=MainClass, count=18
Event: 2517.821 Thread 0x0000027e5103b110 redefined class name=MainClass, count=19
Event: 2931.520 Thread 0x0000027e5103b110 redefined class name=MainClass, count=20
Event: 3085.855 Thread 0x0000027e5103b110 redefined class name=MainClass, count=21
Event: 3094.023 Thread 0x0000027e5103b110 redefined class name=MainClass, count=22
Event: 3096.983 Thread 0x0000027e5103b110 redefined class name=MainClass, count=23
Event: 3340.635 Thread 0x0000027e5103b110 redefined class name=MainClass, count=24

Internal exceptions (1 events):
Event: 0.446 Thread 0x0000027e37a4c0b0 Exception <a 'java/lang/NoSuchMethodError'{0x0000000088734060}: 'java.lang.Object java.lang.invoke.DirectMethodHandle$Holder.invokeStatic(java.lang.Object)'> (0x0000000088734060) 
thrown [t:\workspace\open\src\hotspot\share\interpreter\linkResolver.cpp, line 790]

Events (20 events):
Event: 1706.122 Executing  VM operation: RedefineClasses done
Event: 1714.685 Executing  VM operation: RedefineClasses
Event: 1714.687 Executing  VM operation: RedefineClasses done
Event: 1722.853 Executing  VM operation: RedefineClasses
Event: 1722.855 Executing  VM operation: RedefineClasses done
Event: 2513.678 Executing  VM operation: RedefineClasses
Event: 2513.680 Executing  VM operation: RedefineClasses done
Event: 2517.821 Executing  VM operation: RedefineClasses
Event: 2517.823 Executing  VM operation: RedefineClasses done
Event: 2931.519 Executing  VM operation: RedefineClasses
Event: 2931.522 Executing  VM operation: RedefineClasses done
Event: 3085.854 Executing  VM operation: RedefineClasses
Event: 3085.856 Executing  VM operation: RedefineClasses done
Event: 3094.022 Executing  VM operation: RedefineClasses
Event: 3094.024 Executing  VM operation: RedefineClasses done
Event: 3096.983 Executing  VM operation: RedefineClasses
Event: 3096.984 Executing  VM operation: RedefineClasses done
Event: 3340.634 Executing  VM operation: RedefineClasses
Event: 3340.637 Executing  VM operation: RedefineClasses done
Event: 3344.376 Executing  VM operation: ChangeBreakpoints


Dynamic libraries:
0x00007ff6528a0000 - 0x00007ff6528ae000 	C:\eclipse\plugins\org.eclipse.justj.openjdk.hotspot.jre.full.win32.x86_64_16.0.2.v20210721-1149\jre\bin\javaw.exe
0x00007ffed3a00000 - 0x00007ffed3bf0000 	C:\Windows\SYSTEM32\ntdll.dll
0x00007ffed3180000 - 0x00007ffed3232000 	C:\Windows\System32\KERNEL32.DLL
0x00007ffed1600000 - 0x00007ffed18a3000 	C:\Windows\System32\KERNELBASE.dll
0x00007ffed11e0000 - 0x00007ffed12da000 	C:\Windows\System32\ucrtbase.dll
0x00007ffeca7a0000 - 0x00007ffeca7b9000 	C:\eclipse\plugins\org.eclipse.justj.openjdk.hotspot.jre.full.win32.x86_64_16.0.2.v20210721-1149\jre\bin\VCRUNTIME140.dll
0x00007ffec2ec0000 - 0x00007ffec2ed8000 	C:\eclipse\plugins\org.eclipse.justj.openjdk.hotspot.jre.full.win32.x86_64_16.0.2.v20210721-1149\jre\bin\jli.dll
0x00007ffed3270000 - 0x00007ffed3404000 	C:\Windows\System32\USER32.dll
0x00007ffebc0b0000 - 0x00007ffebc335000 	C:\Windows\WinSxS\amd64_microsoft.windows.common-controls_6595b64144ccf1df_6.0.18362.476_none_e6c4b11b130f2595\COMCTL32.dll
0x00007ffed0990000 - 0x00007ffed09b1000 	C:\Windows\System32\win32u.dll
0x00007ffed1d30000 - 0x00007ffed1dce000 	C:\Windows\System32\msvcrt.dll
0x00007ffed23f0000 - 0x00007ffed2416000 	C:\Windows\System32\GDI32.dll
0x00007ffed1f90000 - 0x00007ffed22c6000 	C:\Windows\System32\combase.dll
0x00007ffed1460000 - 0x00007ffed15f4000 	C:\Windows\System32\gdi32full.dll
0x00007ffed22d0000 - 0x00007ffed23f0000 	C:\Windows\System32\RPCRT4.dll
0x00007ffed09c0000 - 0x00007ffed0a5e000 	C:\Windows\System32\msvcp_win.dll
0x00007ffed1360000 - 0x00007ffed13e0000 	C:\Windows\System32\bcryptPrimitives.dll
0x00007ffed3240000 - 0x00007ffed326e000 	C:\Windows\System32\IMM32.DLL
0x00007ffeca790000 - 0x00007ffeca79c000 	C:\eclipse\plugins\org.eclipse.justj.openjdk.hotspot.jre.full.win32.x86_64_16.0.2.v20210721-1149\jre\bin\vcruntime140_1.dll
0x00007ffeb0b60000 - 0x00007ffeb0bf1000 	C:\eclipse\plugins\org.eclipse.justj.openjdk.hotspot.jre.full.win32.x86_64_16.0.2.v20210721-1149\jre\bin\msvcp140.dll
0x00007ffe90120000 - 0x00007ffe90ccb000 	C:\eclipse\plugins\org.eclipse.justj.openjdk.hotspot.jre.full.win32.x86_64_16.0.2.v20210721-1149\jre\bin\server\jvm.dll
0x00007ffed30d0000 - 0x00007ffed3173000 	C:\Windows\System32\ADVAPI32.dll
0x00007ffed2bc0000 - 0x00007ffed2c57000 	C:\Windows\System32\sechost.dll
0x00007ffed2ff0000 - 0x00007ffed2ff8000 	C:\Windows\System32\PSAPI.DLL
0x00007ffeca7f0000 - 0x00007ffeca7f9000 	C:\Windows\SYSTEM32\WSOCK32.dll
0x00007ffed1ea0000 - 0x00007ffed1f0f000 	C:\Windows\System32\WS2_32.dll
0x00007ffecebd0000 - 0x00007ffecebf4000 	C:\Windows\SYSTEM32\WINMM.dll
0x00007ffecaf60000 - 0x00007ffecaf6a000 	C:\Windows\SYSTEM32\VERSION.dll
0x00007ffece950000 - 0x00007ffece97d000 	C:\Windows\SYSTEM32\WINMMBASE.dll
0x00007ffed1310000 - 0x00007ffed135a000 	C:\Windows\System32\cfgmgr32.dll
0x00007ffed08e0000 - 0x00007ffed08f1000 	C:\Windows\System32\kernel.appcore.dll
0x00007ffec9a00000 - 0x00007ffec9a0a000 	C:\eclipse\plugins\org.eclipse.justj.openjdk.hotspot.jre.full.win32.x86_64_16.0.2.v20210721-1149\jre\bin\jimage.dll
0x00007ffec1890000 - 0x00007ffec1a84000 	C:\Windows\SYSTEM32\DBGHELP.DLL
0x00007ffec16f0000 - 0x00007ffec171a000 	C:\Windows\SYSTEM32\dbgcore.DLL
0x00007ffeba030000 - 0x00007ffeba06b000 	C:\eclipse\plugins\org.eclipse.justj.openjdk.hotspot.jre.full.win32.x86_64_16.0.2.v20210721-1149\jre\bin\jdwp.dll
0x00007ffeca760000 - 0x00007ffeca76e000 	C:\eclipse\plugins\org.eclipse.justj.openjdk.hotspot.jre.full.win32.x86_64_16.0.2.v20210721-1149\jre\bin\instrument.dll
0x00007ffec99d0000 - 0x00007ffec99f5000 	C:\eclipse\plugins\org.eclipse.justj.openjdk.hotspot.jre.full.win32.x86_64_16.0.2.v20210721-1149\jre\bin\java.dll
0x00007ffec99b0000 - 0x00007ffec99c8000 	C:\eclipse\plugins\org.eclipse.justj.openjdk.hotspot.jre.full.win32.x86_64_16.0.2.v20210721-1149\jre\bin\zip.dll
0x00007ffed2430000 - 0x00007ffed2b15000 	C:\Windows\System32\SHELL32.dll
0x00007ffed2d10000 - 0x00007ffed2db9000 	C:\Windows\System32\shcore.dll
0x00007ffed0a60000 - 0x00007ffed11de000 	C:\Windows\System32\windows.storage.dll
0x00007ffed0970000 - 0x00007ffed098f000 	C:\Windows\System32\profapi.dll
0x00007ffed0900000 - 0x00007ffed094a000 	C:\Windows\System32\powrprof.dll
0x00007ffed08d0000 - 0x00007ffed08e0000 	C:\Windows\System32\UMPDC.dll
0x00007ffed2f90000 - 0x00007ffed2fe2000 	C:\Windows\System32\shlwapi.dll
0x00007ffed1440000 - 0x00007ffed1457000 	C:\Windows\System32\cryptsp.dll
0x00007ffec6010000 - 0x00007ffec601c000 	C:\eclipse\plugins\org.eclipse.justj.openjdk.hotspot.jre.full.win32.x86_64_16.0.2.v20210721-1149\jre\bin\dt_socket.dll
0x00007ffecfdf0000 - 0x00007ffecfe2a000 	C:\Windows\SYSTEM32\IPHLPAPI.DLL
0x00007ffed00e0000 - 0x00007ffed0147000 	C:\Windows\system32\mswsock.dll
0x00007ffecfe30000 - 0x00007ffecfefa000 	C:\Windows\SYSTEM32\DNSAPI.dll
0x00007ffed1d20000 - 0x00007ffed1d28000 	C:\Windows\System32\NSI.dll
0x00007ffec97f0000 - 0x00007ffec97fa000 	C:\Windows\System32\rasadhlp.dll
0x00007ffecaff0000 - 0x00007ffecb067000 	C:\Windows\System32\fwpuclnt.dll
0x00007ffed12e0000 - 0x00007ffed1306000 	C:\Windows\System32\bcrypt.dll
0x00007ffec9990000 - 0x00007ffec99a9000 	C:\eclipse\plugins\org.eclipse.justj.openjdk.hotspot.jre.full.win32.x86_64_16.0.2.v20210721-1149\jre\bin\net.dll
0x00007ffec9e20000 - 0x00007ffec9f10000 	C:\Windows\SYSTEM32\WINHTTP.dll
0x00007ffec9970000 - 0x00007ffec9983000 	C:\eclipse\plugins\org.eclipse.justj.openjdk.hotspot.jre.full.win32.x86_64_16.0.2.v20210721-1149\jre\bin\nio.dll
0x00007ffec9550000 - 0x00007ffec9560000 	C:\eclipse\plugins\org.eclipse.justj.openjdk.hotspot.jre.full.win32.x86_64_16.0.2.v20210721-1149\jre\bin\verify.dll

dbghelp: loaded successfully - version: 4.0.5 - missing functions: none
symbol engine: initialized successfully - sym options: 0x614 - pdb path: .;C:\eclipse\plugins\org.eclipse.justj.openjdk.hotspot.jre.full.win32.x86_64_16.0.2.v20210721-1149\jre\bin;C:\Windows\SYSTEM32;C:\Windows\WinSxS\amd64_microsoft.windows.common-controls_6595b64144ccf1df_6.0.18362.476_none_e6c4b11b130f2595;C:\eclipse\plugins\org.eclipse.justj.openjdk.hotspot.jre.full.win32.x86_64_16.0.2.v20210721-1149\jre\bin\server

VM Arguments:
jvm_args: -XX:+ShowCodeDetailsInExceptionMessages -agentlib:jdwp=transport=dt_socket,suspend=y,address=localhost:49224 -javaagent:C:\eclipse\configuration\org.eclipse.osgi\415\0\.cp\lib\javaagent-shaded.jar -Dfile.encoding=UTF-8 
java_command: MainClass
java_class_path (initial): C:\works\Day20220418\bin
Launcher Type: SUN_STANDARD

[Global flags]
     intx CICompilerCount                          = 3                                         {product} {ergonomic}
     uint ConcGCThreads                            = 1                                         {product} {ergonomic}
     uint G1ConcRefinementThreads                  = 4                                         {product} {ergonomic}
   size_t G1HeapRegionSize                         = 1048576                                   {product} {ergonomic}
    uintx GCDrainStackTargetSize                   = 64                                        {product} {ergonomic}
   size_t InitialHeapSize                          = 134217728                                 {product} {ergonomic}
   size_t MarkStackSize                            = 4194304                                   {product} {ergonomic}
   size_t MaxHeapSize                              = 2134900736                                {product} {ergonomic}
   size_t MaxNewSize                               = 1280311296                                {product} {ergonomic}
   size_t MinHeapDeltaBytes                        = 1048576                                   {product} {ergonomic}
   size_t MinHeapSize                              = 8388608                                   {product} {ergonomic}
    uintx NonNMethodCodeHeapSize                   = 5832780                                {pd product} {ergonomic}
    uintx NonProfiledCodeHeapSize                  = 122912730                              {pd product} {ergonomic}
    uintx ProfiledCodeHeapSize                     = 122912730                              {pd product} {ergonomic}
    uintx ReservedCodeCacheSize                    = 251658240                              {pd product} {ergonomic}
     bool SegmentedCodeCache                       = true                                      {product} {ergonomic}
     bool ShowCodeDetailsInExceptionMessages       = true                                   {manageable} {command line}
   size_t SoftMaxHeapSize                          = 2134900736                             {manageable} {ergonomic}
     bool UseCompressedClassPointers               = true                           {product lp64_product} {ergonomic}
     bool UseCompressedOops                        = true                           {product lp64_product} {ergonomic}
     bool UseG1GC                                  = true                                      {product} {ergonomic}
     bool UseLargePagesIndividualAllocation        = false                                  {pd product} {ergonomic}

Logging:
Log output configuration:
 #0: stdout all=warning uptime,level,tags
 #1: stderr all=off uptime,level,tags

Environment Variables:
JAVA_HOME=C:\java\jdk-11.0.2
PATH=C:\eclipse\plugins\org.eclipse.justj.openjdk.hotspot.jre.full.win32.x86_64_16.0.2.v20210721-1149\jre\bin;C:/eclipse//plugins/org.eclipse.justj.openjdk.hotspot.jre.full.win32.x86_64_16.0.2.v20210721-1149/jre/bin/server;C:/eclipse//plugins/org.eclipse.justj.openjdk.hotspot.jre.full.win32.x86_64_16.0.2.v20210721-1149/jre/bin;C:\Windows\system32;C:\Windows;C:\Windows\System32\Wbem;C:\Windows\System32\WindowsPowerShell\v1.0\;C:\Windows\System32\OpenSSH\;C:\Program Files (x86)\NVIDIA Corporation\PhysX\Common;C:\Program Files (x86)\Microsoft SQL Server\110\Tools\Binn\;C:\Program Files\Microsoft SQL Server\110\Tools\Binn\;C:\Program Files\Microsoft SQL Server\110\DTS\Binn\;C:\Users\108\AppData\Local\Microsoft\WindowsApps;C:\java\jdk-11.0.2\bin;;C:\eclipse;
USERNAME=108
OS=Windows_NT
PROCESSOR_IDENTIFIER=Intel64 Family 6 Model 42 Stepping 7, GenuineIntel



---------------  S Y S T E M  ---------------

OS:
 Windows 10 , 64 bit Build 18362 (10.0.18362.329)
OS uptime: 13 days 22:19 hours

CPU: total 4 (initial active 4) (4 cores per cpu, 1 threads per core) family 6 model 42 stepping 7 microcode 0x2e, cx8, cmov, fxsr, mmx, sse, sse2, sse3, ssse3, sse4.1, sse4.2, popcnt, tsc, tscinvbit, avx, aes, clmul, vzeroupper, clflush

Memory: 4k page, system-wide physical 8143M (4347M free)
TotalPageFile size 9423M (AvailPageFile size 4381M)
current process WorkingSet (physical memory assigned to process): 46M, peak: 48M
current process commit charge ("private bytes"): 202M, peak: 204M

vm_info: OpenJDK 64-Bit Server VM (16.0.2+7-67) for windows-amd64 JRE (16.0.2+7-67), built on Jun  8 2021 23:21:43 by "mach5one" with MS VC++ 16.7 (VS2019)

END.
